# JRE version: OpenJDK Runtime Environment Microsoft-11926163 (17.0.16+8) (build 17.0.16+8-LTS)
# Java VM: OpenJDK 64-Bit Server VM Microsoft-11926163 (17.0.16+8-LTS, mixed mode, sharing, tiered, compressed oops, compressed class ptrs, g1 gc, windows-amd64)
GC Precious Log:
 CPUs: 8 total, 8 available
 Memory: 16222M
 Large Page Support: Disabled
 NUMA Support: Disabled
 Compressed Oops: Enabled (32-bit)
 Heap Region Size: 1M
 Heap Min Capacity: 8M
 Heap Initial Capacity: 254M
 Heap Max Capacity: 2G
 Pre-touch: Disabled
 Parallel Workers: 8
 Concurrent Workers: 2
 Concurrent Refinement Workers: 8
 Periodic GC: Disabled
Heap:
 garbage-first heap   total 284672K, used 222156K [0x0000000080000000, 0x0000000100000000)
  region size 1024K, 32 young (32768K), 6 survivors (6144K)
 Metaspace       used 114250K, committed 115456K, reserved 557056K
  class space    used 15719K, committed 16256K, reserved 425984K
GC Heap History (20 events):
Event: 85.814 GC heap before
{Heap before GC invocations=57 (full 0):
 garbage-first heap   total 235520K, used 199420K [0x0000000080000000, 0x0000000100000000)
  region size 1024K, 48 young (49152K), 5 survivors (5120K)
 Metaspace       used 112112K, committed 113216K, reserved 557056K
  class space    used 15470K, committed 15936K, reserved 425984K
}
Event: 85.823 GC heap after
{Heap after GC invocations=58 (full 0):
 garbage-first heap   total 235520K, used 161450K [0x0000000080000000, 0x0000000100000000)
  region size 1024K, 6 young (6144K), 6 survivors (6144K)
 Metaspace       used 112112K, committed 113216K, reserved 557056K
  class space    used 15470K, committed 15936K, reserved 425984K
}
Event: 86.673 GC heap before
{Heap before GC invocations=58 (full 0):
 garbage-first heap   total 235520K, used 196266K [0x0000000080000000, 0x0000000100000000)
  region size 1024K, 40 young (40960K), 6 survivors (6144K)
 Metaspace       used 112680K, committed 113856K, reserved 557056K
  class space    used 15549K, committed 16064K, reserved 425984K
}
Event: 86.682 GC heap after
{Heap after GC invocations=59 (full 0):
 garbage-first heap   total 235520K, used 166817K [0x0000000080000000, 0x0000000100000000)
  region size 1024K, 5 young (5120K), 5 survivors (5120K)
 Metaspace       used 112680K, committed 113856K, reserved 557056K
  class space    used 15549K, committed 16064K, reserved 425984K
}
Event: 87.389 GC heap before
{Heap before GC invocations=59 (full 0):
 garbage-first heap   total 235520K, used 196513K [0x0000000080000000, 0x0000000100000000)
  region size 1024K, 34 young (34816K), 5 survivors (5120K)
 Metaspace       used 113356K, committed 114496K, reserved 557056K
  class space    used 15629K, committed 16128K, reserved 425984K
}
Event: 87.399 GC heap after
{Heap after GC invocations=60 (full 0):
 garbage-first heap   total 235520K, used 170404K [0x0000000080000000, 0x0000000100000000)
  region size 1024K, 4 young (4096K), 4 survivors (4096K)
 Metaspace       used 113356K, committed 114496K, reserved 557056K
  class space    used 15629K, committed 16128K, reserved 425984K
}
Event: 87.951 GC heap before
{Heap before GC invocations=60 (full 0):
 garbage-first heap   total 235520K, used 196004K [0x0000000080000000, 0x0000000100000000)
  region size 1024K, 30 young (30720K), 4 survivors (4096K)
 Metaspace       used 113525K, committed 114752K, reserved 557056K
  class space    used 15645K, committed 16192K, reserved 425984K
}
Event: 87.962 GC heap after
{Heap after GC invocations=61 (full 0):
 garbage-first heap   total 235520K, used 174826K [0x0000000080000000, 0x0000000100000000)
  region size 1024K, 4 young (4096K), 4 survivors (4096K)
 Metaspace       used 113525K, committed 114752K, reserved 557056K
  class space    used 15645K, committed 16192K, reserved 425984K
}
Event: 88.170 GC heap before
{Heap before GC invocations=61 (full 0):
 garbage-first heap   total 235520K, used 199402K [0x0000000080000000, 0x0000000100000000)
  region size 1024K, 28 young (28672K), 4 survivors (4096K)
 Metaspace       used 113534K, committed 114752K, reserved 557056K
  class space    used 15645K, committed 16192K, reserved 425984K
}
Event: 88.178 GC heap after
{Heap after GC invocations=62 (full 0):
 garbage-first heap   total 235520K, used 176539K [0x0000000080000000, 0x0000000100000000)
  region size 1024K, 4 young (4096K), 4 survivors (4096K)
 Metaspace       used 113534K, committed 114752K, reserved 557056K
  class space    used 15645K, committed 16192K, reserved 425984K
}
Event: 88.301 GC heap before
{Heap before GC invocations=62 (full 0):
 garbage-first heap   total 235520K, used 199067K [0x0000000080000000, 0x0000000100000000)
  region size 1024K, 27 young (27648K), 4 survivors (4096K)
 Metaspace       used 113534K, committed 114752K, reserved 557056K
  class space    used 15645K, committed 16192K, reserved 425984K
}
Event: 88.307 GC heap after
{Heap after GC invocations=63 (full 0):
 garbage-first heap   total 284672K, used 177038K [0x0000000080000000, 0x0000000100000000)
  region size 1024K, 3 young (3072K), 3 survivors (3072K)
 Metaspace       used 113534K, committed 114752K, reserved 557056K
  class space    used 15645K, committed 16192K, reserved 425984K
}
Event: 88.573 GC heap before
{Heap before GC invocations=63 (full 0):
 garbage-first heap   total 284672K, used 234382K [0x0000000080000000, 0x0000000100000000)
  region size 1024K, 60 young (61440K), 3 survivors (3072K)
 Metaspace       used 113534K, committed 114752K, reserved 557056K
  class space    used 15645K, committed 16192K, reserved 425984K
}
Event: 88.580 GC heap after
{Heap after GC invocations=64 (full 0):
 garbage-first heap   total 284672K, used 177971K [0x0000000080000000, 0x0000000100000000)
  region size 1024K, 4 young (4096K), 4 survivors (4096K)
 Metaspace       used 113534K, committed 114752K, reserved 557056K
  class space    used 15645K, committed 16192K, reserved 425984K
}
Event: 89.606 GC heap before
{Heap before GC invocations=64 (full 0):
 garbage-first heap   total 284672K, used 241459K [0x0000000080000000, 0x0000000100000000)
  region size 1024K, 62 young (63488K), 4 survivors (4096K)
 Metaspace       used 113844K, committed 115008K, reserved 557056K
  class space    used 15679K, committed 16192K, reserved 425984K
}
Event: 89.614 GC heap after
{Heap after GC invocations=65 (full 0):
 garbage-first heap   total 284672K, used 191648K [0x0000000080000000, 0x0000000100000000)
  region size 1024K, 8 young (8192K), 8 survivors (8192K)
 Metaspace       used 113844K, committed 115008K, reserved 557056K
  class space    used 15679K, committed 16192K, reserved 425984K
}
Event: 89.815 GC heap before
{Heap before GC invocations=65 (full 0):
 garbage-first heap   total 284672K, used 234656K [0x0000000080000000, 0x0000000100000000)
  region size 1024K, 51 young (52224K), 8 survivors (8192K)
 Metaspace       used 113844K, committed 115008K, reserved 557056K
  class space    used 15679K, committed 16192K, reserved 425984K
}
Event: 89.826 GC heap after
{Heap after GC invocations=66 (full 0):
 garbage-first heap   total 284672K, used 194404K [0x0000000080000000, 0x0000000100000000)
  region size 1024K, 4 young (4096K), 4 survivors (4096K)
 Metaspace       used 113844K, committed 115008K, reserved 557056K
  class space    used 15679K, committed 16192K, reserved 425984K
}
Event: 90.226 GC heap before
{Heap before GC invocations=66 (full 0):
 garbage-first heap   total 284672K, used 236388K [0x0000000080000000, 0x0000000100000000)
  region size 1024K, 46 young (47104K), 4 survivors (4096K)
 Metaspace       used 114096K, committed 115328K, reserved 557056K
  class space    used 15711K, committed 16256K, reserved 425984K
}
Event: 90.233 GC heap after
{Heap after GC invocations=67 (full 0):
 garbage-first heap   total 284672K, used 196556K [0x0000000080000000, 0x0000000100000000)
  region size 1024K, 6 young (6144K), 6 survivors (6144K)
 Metaspace       used 114096K, committed 115328K, reserved 557056K
  class space    used 15711K, committed 16256K, reserved 425984K
}

